<?xml version="1.0" encoding="UTF-8"?>
<!-- Generated by org.testng.reporters.JUnitReportReporter -->
<testsuite hostname="Samias-MBP.lan" failures="0" tests="2" name="com.mit.runners.TestRunnerSmokeTests" time="0.009" errors="0" timestamp="2023-04-02T12:44:59 EDT" skipped="0">
  <testcase classname="com.mit.runners.TestRunnerSmokeTests" name="runScenario" time="0.004"/>
  <system-out/>
  <testcase classname="com.mit.runners.TestRunnerSmokeTests" name="runScenario" time="0.005"/>
  <system-out/>
</testsuite> <!-- com.mit.runners.TestRunnerSmokeTests -->
