<?xml version="1.0" encoding="UTF-8"?>
<!-- Generated by org.testng.reporters.JUnitReportReporter -->
<testsuite hostname="Samias-MBP.lan" failures="0" tests="2" name="com.mit.runners.TestRunnerSmokeTests" time="8.403" errors="0" timestamp="2023-04-02T13:24:19 EDT" skipped="0">
  <testcase classname="com.mit.runners.TestRunnerSmokeTests" name="runScenario" time="4.196"/>
  <system-out/>
  <testcase classname="com.mit.runners.TestRunnerSmokeTests" name="runScenario" time="4.207"/>
  <system-out/>
</testsuite> <!-- com.mit.runners.TestRunnerSmokeTests -->
