<?xml version="1.0" encoding="UTF-8"?>
<!-- Generated by org.testng.reporters.JUnitReportReporter -->
<testsuite hostname="Samias-MBP.lan" failures="0" tests="2" name="com.mit.runners.TestRunnerAll" time="9.205" errors="0" timestamp="2023-04-02T13:24:19 EDT" skipped="0">
  <testcase classname="com.mit.runners.TestRunnerAll" name="runScenario" time="3.759"/>
  <system-out/>
  <testcase classname="com.mit.runners.TestRunnerAll" name="runScenario" time="5.446"/>
  <system-out/>
</testsuite> <!-- com.mit.runners.TestRunnerAll -->
